<?xml version="1.0" encoding="UTF-8"?>
<testng-results skipped="0" failed="0" total="1" passed="1">
  <reporter-output>
  </reporter-output>
  <suite name="Default suite" duration-ms="37218" started-at="2018-04-19T11:55:14Z" finished-at="2018-04-19T11:55:51Z">
    <groups>
    </groups>
    <test name="Default test" duration-ms="37218" started-at="2018-04-19T11:55:14Z" finished-at="2018-04-19T11:55:51Z">
      <class name="samplePro.HopScotchScenarios">
        <test-method status="PASS" signature="configBm(java.lang.reflect.Method)[pri:0, instance:samplePro.HopScotchScenarios@5e3a8624]" name="configBm" is-config="true" duration-ms="18453" started-at="2018-04-19T17:25:14Z" finished-at="2018-04-19T17:25:32Z">
          <params>
            <param index="0">
              <value>
                <![CDATA[public void samplePro.HopScotchScenarios.LoginTest() throws java.lang.Exception]]>
              </value>
            </param>
          </params>
          <reporter-output>
          </reporter-output>
        </test-method> <!-- configBm -->
        <test-method status="PASS" signature="LoginTest()[pri:0, instance:samplePro.HopScotchScenarios@5e3a8624]" name="LoginTest" duration-ms="18745" started-at="2018-04-19T17:25:32Z" finished-at="2018-04-19T17:25:51Z">
          <reporter-output>
          </reporter-output>
        </test-method> <!-- LoginTest -->
      </class> <!-- samplePro.HopScotchScenarios -->
    </test> <!-- Default test -->
  </suite> <!-- Default suite -->
</testng-results>
